# JRE version: OpenJDK Runtime Environment (11.0.10) (build 11.0.10+0-b96-7249189)
# Java VM: OpenJDK 64-Bit Server VM (11.0.10+0-b96-7249189, mixed mode, tiered, compressed oops, g1 gc, windows-amd64)
Heap:
 garbage-first heap   total 114688K, used 59464K [0x0000000080000000, 0x0000000100000000)
  region size 1024K, 8 young (8192K), 5 survivors (5120K)
 Metaspace       used 51064K, capacity 52369K, committed 52608K, reserved 1095680K
  class space    used 6562K, capacity 7026K, committed 7040K, reserved 1048576K
GC Heap History (20 events):
Event: 3.075 GC heap before
{Heap before GC invocations=2 (full 0):
 garbage-first heap   total 114688K, used 43615K [0x0000000080000000, 0x0000000100000000)
  region size 1024K, 36 young (36864K), 9 survivors (9216K)
 Metaspace       used 20153K, capacity 20619K, committed 20864K, reserved 1067008K
  class space    used 2463K, capacity 2625K, committed 2688K, reserved 1048576K
}
Event: 3.080 GC heap after
{Heap after GC invocations=3 (full 0):
 garbage-first heap   total 114688K, used 16893K [0x0000000080000000, 0x0000000100000000)
  region size 1024K, 2 young (2048K), 2 survivors (2048K)
 Metaspace       used 20153K, capacity 20619K, committed 20864K, reserved 1067008K
  class space    used 2463K, capacity 2625K, committed 2688K, reserved 1048576K
}
Event: 3.129 GC heap before
{Heap before GC invocations=3 (full 0):
 garbage-first heap   total 114688K, used 18941K [0x0000000080000000, 0x0000000100000000)
  region size 1024K, 5 young (5120K), 2 survivors (2048K)
 Metaspace       used 20595K, capacity 21123K, committed 21248K, reserved 1067008K
  class space    used 2516K, capacity 2733K, committed 2816K, reserved 1048576K
}
Event: 3.132 GC heap after
{Heap after GC invocations=4 (full 0):
 garbage-first heap   total 114688K, used 16824K [0x0000000080000000, 0x0000000100000000)
  region size 1024K, 2 young (2048K), 2 survivors (2048K)
 Metaspace       used 20595K, capacity 21123K, committed 21248K, reserved 1067008K
  class space    used 2516K, capacity 2733K, committed 2816K, reserved 1048576K
}
Event: 3.821 GC heap before
{Heap before GC invocations=5 (full 0):
 garbage-first heap   total 114688K, used 65976K [0x0000000080000000, 0x0000000100000000)
  region size 1024K, 50 young (51200K), 2 survivors (2048K)
 Metaspace       used 25720K, capacity 26354K, committed 26496K, reserved 1073152K
  class space    used 3364K, capacity 3588K, committed 3712K, reserved 1048576K
}
Event: 3.824 GC heap after
{Heap after GC invocations=6 (full 0):
 garbage-first heap   total 114688K, used 18568K [0x0000000080000000, 0x0000000100000000)
  region size 1024K, 3 young (3072K), 3 survivors (3072K)
 Metaspace       used 25720K, capacity 26354K, committed 26496K, reserved 1073152K
  class space    used 3364K, capacity 3588K, committed 3712K, reserved 1048576K
}
Event: 4.854 GC heap before
{Heap before GC invocations=6 (full 0):
 garbage-first heap   total 114688K, used 82056K [0x0000000080000000, 0x0000000100000000)
  region size 1024K, 55 young (56320K), 3 survivors (3072K)
 Metaspace       used 30233K, capacity 31040K, committed 31360K, reserved 1077248K
  class space    used 4082K, capacity 4383K, committed 4480K, reserved 1048576K
}
Event: 4.858 GC heap after
{Heap after GC invocations=7 (full 0):
 garbage-first heap   total 114688K, used 32923K [0x0000000080000000, 0x0000000100000000)
  region size 1024K, 7 young (7168K), 7 survivors (7168K)
 Metaspace       used 30233K, capacity 31040K, committed 31360K, reserved 1077248K
  class space    used 4082K, capacity 4383K, committed 4480K, reserved 1048576K
}
Event: 5.227 GC heap before
{Heap before GC invocations=7 (full 0):
 garbage-first heap   total 114688K, used 46235K [0x0000000080000000, 0x0000000100000000)
  region size 1024K, 21 young (21504K), 7 survivors (7168K)
 Metaspace       used 34690K, capacity 35607K, committed 35840K, reserved 1081344K
  class space    used 4529K, capacity 4861K, committed 4864K, reserved 1048576K
}
Event: 5.239 GC heap after
{Heap after GC invocations=8 (full 0):
 garbage-first heap   total 114688K, used 35415K [0x0000000080000000, 0x0000000100000000)
  region size 1024K, 3 young (3072K), 3 survivors (3072K)
 Metaspace       used 34690K, capacity 35607K, committed 35840K, reserved 1081344K
  class space    used 4529K, capacity 4861K, committed 4864K, reserved 1048576K
}
Event: 5.702 GC heap before
{Heap before GC invocations=9 (full 0):
 garbage-first heap   total 114688K, used 76375K [0x0000000080000000, 0x0000000100000000)
  region size 1024K, 41 young (41984K), 3 survivors (3072K)
 Metaspace       used 38492K, capacity 39522K, committed 39680K, reserved 1083392K
  class space    used 4906K, capacity 5289K, committed 5376K, reserved 1048576K
}
Event: 5.707 GC heap after
{Heap after GC invocations=10 (full 0):
 garbage-first heap   total 114688K, used 38852K [0x0000000080000000, 0x0000000100000000)
  region size 1024K, 6 young (6144K), 6 survivors (6144K)
 Metaspace       used 38492K, capacity 39522K, committed 39680K, reserved 1083392K
  class space    used 4906K, capacity 5289K, committed 5376K, reserved 1048576K
}
Event: 6.256 GC heap before
{Heap before GC invocations=10 (full 0):
 garbage-first heap   total 114688K, used 82884K [0x0000000080000000, 0x0000000100000000)
  region size 1024K, 44 young (45056K), 6 survivors (6144K)
 Metaspace       used 41525K, capacity 42640K, committed 42752K, reserved 1085440K
  class space    used 5354K, capacity 5776K, committed 5888K, reserved 1048576K
}
Event: 6.261 GC heap after
{Heap after GC invocations=11 (full 0):
 garbage-first heap   total 114688K, used 45897K [0x0000000080000000, 0x0000000100000000)
  region size 1024K, 3 young (3072K), 3 survivors (3072K)
 Metaspace       used 41525K, capacity 42640K, committed 42752K, reserved 1085440K
  class space    used 5354K, capacity 5776K, committed 5888K, reserved 1048576K
}
Event: 7.149 GC heap before
{Heap before GC invocations=11 (full 0):
 garbage-first heap   total 114688K, used 85833K [0x0000000080000000, 0x0000000100000000)
  region size 1024K, 39 young (39936K), 3 survivors (3072K)
 Metaspace       used 45672K, capacity 46908K, committed 47104K, reserved 1089536K
  class space    used 5862K, capacity 6320K, committed 6400K, reserved 1048576K
}
Event: 7.153 GC heap after
{Heap after GC invocations=12 (full 0):
 garbage-first heap   total 114688K, used 52403K [0x0000000080000000, 0x0000000100000000)
  region size 1024K, 5 young (5120K), 5 survivors (5120K)
 Metaspace       used 45672K, capacity 46908K, committed 47104K, reserved 1089536K
  class space    used 5862K, capacity 6320K, committed 6400K, reserved 1048576K
}
Event: 7.823 GC heap before
{Heap before GC invocations=12 (full 0):
 garbage-first heap   total 114688K, used 86195K [0x0000000080000000, 0x0000000100000000)
  region size 1024K, 38 young (38912K), 5 survivors (5120K)
 Metaspace       used 49429K, capacity 50787K, committed 50816K, reserved 1093632K
  class space    used 6299K, capacity 6777K, committed 6784K, reserved 1048576K
}
Event: 7.829 GC heap after
{Heap after GC invocations=13 (full 0):
 garbage-first heap   total 114688K, used 55122K [0x0000000080000000, 0x0000000100000000)
  region size 1024K, 3 young (3072K), 3 survivors (3072K)
 Metaspace       used 49429K, capacity 50787K, committed 50816K, reserved 1093632K
  class space    used 6299K, capacity 6777K, committed 6784K, reserved 1048576K
}
Event: 8.180 GC heap before
{Heap before GC invocations=13 (full 0):
 garbage-first heap   total 114688K, used 87890K [0x0000000080000000, 0x0000000100000000)
  region size 1024K, 35 young (35840K), 3 survivors (3072K)
 Metaspace       used 50929K, capacity 52273K, committed 52352K, reserved 1095680K
  class space    used 6541K, capacity 6994K, committed 7040K, reserved 1048576K
}
Event: 8.186 GC heap after
{Heap after GC invocations=14 (full 0):
 garbage-first heap   total 114688K, used 57416K [0x0000000080000000, 0x0000000100000000)
  region size 1024K, 5 young (5120K), 5 survivors (5120K)
 Metaspace       used 50929K, capacity 52273K, committed 52352K, reserved 1095680K
  class space    used 6541K, capacity 6994K, committed 7040K, reserved 1048576K
}

